2025-04-10 20:30:51,290 - ShopeeCrawler - INFO - Chạy ở chế độ multi worker
2025-04-10 20:30:51,291 - WorkerManager - INFO - 
===== BẮT ĐẦU CHU KỲ 1/10 =====
2025-04-10 20:30:51,292 - ProxyManager - INFO - Đang thực hiện đổi proxy tự động...
2025-04-10 20:30:51,293 - ProxyManager - INFO - Đã bắt đầu luồng tự động đổi proxy
2025-04-10 20:30:51,294 - ShopeeCrawler - INFO - Đã khởi tạo proxy manager với API key
2025-04-10 20:30:51,296 - WorkerManager - INFO - Đang thu thập URL sản phẩm với API key: kozFG...znQ
2025-04-10 20:30:51,297 - ShopeeCrawler - INFO - Bắt đầu thu thập đường link sản phẩm từ trang chủ...
2025-04-10 20:30:51,524 - ProxyManager - INFO - Proxy mới nhận được: 118.71.96.216:21652:khljtiNj3Kd:fdkm3nbjg45d (hết hạn sau 1049s)
2025-04-10 20:30:51,526 - ShopeeCrawler - INFO - Đã cấu hình proxy: 118.71.96.216:21652
2025-04-10 20:30:51,526 - WDM - INFO - ====== WebDriver manager ======
2025-04-10 20:30:51,603 - WDM - INFO - Get LATEST chromedriver version for google-chrome
2025-04-10 20:30:51,866 - WDM - INFO - Get LATEST chromedriver version for google-chrome
2025-04-10 20:30:52,115 - WDM - INFO - There is no [linux64] chromedriver "135.0.7049.84" for browser google-chrome "135.0.7049" in cache
2025-04-10 20:30:52,116 - WDM - INFO - Get LATEST chromedriver version for google-chrome
2025-04-10 20:30:52,679 - WDM - INFO - WebDriver version 135.0.7049.84 selected
2025-04-10 20:30:52,683 - WDM - INFO - Modern chrome version https://storage.googleapis.com/chrome-for-testing-public/135.0.7049.84/linux64/chromedriver-linux64.zip
2025-04-10 20:30:52,684 - WDM - INFO - About to download new driver from https://storage.googleapis.com/chrome-for-testing-public/135.0.7049.84/linux64/chromedriver-linux64.zip
2025-04-10 20:30:52,823 - WDM - INFO - Driver downloading response is 200
2025-04-10 20:30:53,367 - WDM - INFO - Get LATEST chromedriver version for google-chrome
2025-04-10 20:30:53,748 - WDM - INFO - Driver has been saved in cache [/root/.wdm/drivers/chromedriver/linux64/135.0.7049.84]
2025-04-10 20:30:53,792 - ProxyManager - INFO - Đã dừng luồng tự động đổi proxy
2025-04-10 20:30:55,730 - ShopeeCrawler - INFO - Chạy ở chế độ multi worker
2025-04-10 20:30:55,731 - WorkerManager - INFO - 
===== BẮT ĐẦU CHU KỲ 1/10 =====
2025-04-10 20:30:55,732 - ProxyManager - INFO - Đang thực hiện đổi proxy tự động...
2025-04-10 20:30:55,732 - ProxyManager - INFO - Đã bắt đầu luồng tự động đổi proxy
2025-04-10 20:30:55,736 - ShopeeCrawler - INFO - Đã khởi tạo proxy manager với API key
2025-04-10 20:30:55,737 - WorkerManager - INFO - Đang thu thập URL sản phẩm với API key: kozFG...znQ
2025-04-10 20:30:55,738 - ShopeeCrawler - INFO - Bắt đầu thu thập đường link sản phẩm từ trang chủ...
2025-04-10 20:30:55,923 - ProxyManager - ERROR - Lỗi khi lấy proxy: Con 54s moi co the doi proxy
2025-04-10 20:30:56,115 - ProxyManager - ERROR - Lỗi khi lấy proxy: Con 54s moi co the doi proxy
2025-04-10 20:30:56,116 - ShopeeCrawler - WARNING - Không thể lấy thông tin proxy, tiếp tục mà không có proxy
2025-04-10 20:30:56,117 - WDM - INFO - ====== WebDriver manager ======
2025-04-10 20:30:56,210 - WDM - INFO - Get LATEST chromedriver version for google-chrome
2025-04-10 20:30:56,466 - WDM - INFO - Get LATEST chromedriver version for google-chrome
2025-04-10 20:30:56,687 - WDM - INFO - Driver [/root/.wdm/drivers/chromedriver/linux64/135.0.7049.84/chromedriver-linux64/chromedriver] found in cache
2025-04-10 20:30:56,787 - ProxyManager - INFO - Đã dừng luồng tự động đổi proxy
2025-04-10 20:30:58,479 - ShopeeCrawler - INFO - Chạy ở chế độ multi worker
2025-04-10 20:30:58,479 - WorkerManager - INFO - 
===== BẮT ĐẦU CHU KỲ 1/10 =====
2025-04-10 20:30:58,481 - ProxyManager - INFO - Đang thực hiện đổi proxy tự động...
2025-04-10 20:30:58,481 - ProxyManager - INFO - Đã bắt đầu luồng tự động đổi proxy
2025-04-10 20:30:58,482 - ShopeeCrawler - INFO - Đã khởi tạo proxy manager với API key
2025-04-10 20:30:58,483 - WorkerManager - INFO - Đang thu thập URL sản phẩm với API key: kozFG...znQ
2025-04-10 20:30:58,485 - ShopeeCrawler - INFO - Bắt đầu thu thập đường link sản phẩm từ trang chủ...
2025-04-10 20:30:58,667 - ProxyManager - ERROR - Lỗi khi lấy proxy: Con 52s moi co the doi proxy
2025-04-10 20:30:58,855 - ProxyManager - ERROR - Lỗi khi lấy proxy: Con 52s moi co the doi proxy
2025-04-10 20:30:58,856 - ShopeeCrawler - WARNING - Không thể lấy thông tin proxy, tiếp tục mà không có proxy
2025-04-10 20:30:58,857 - WDM - INFO - ====== WebDriver manager ======
2025-04-10 20:30:58,939 - WDM - INFO - Get LATEST chromedriver version for google-chrome
2025-04-10 20:30:59,171 - WDM - INFO - Get LATEST chromedriver version for google-chrome
2025-04-10 20:30:59,389 - WDM - INFO - Driver [/root/.wdm/drivers/chromedriver/linux64/135.0.7049.84/chromedriver-linux64/chromedriver] found in cache
2025-04-10 20:30:59,486 - ProxyManager - INFO - Đã dừng luồng tự động đổi proxy
2025-04-10 20:31:01,236 - ShopeeCrawler - INFO - Chạy ở chế độ multi worker
2025-04-10 20:31:01,237 - WorkerManager - INFO - 
===== BẮT ĐẦU CHU KỲ 1/10 =====
2025-04-10 20:31:01,238 - ProxyManager - INFO - Đang thực hiện đổi proxy tự động...
2025-04-10 20:31:01,238 - ProxyManager - INFO - Đã bắt đầu luồng tự động đổi proxy
2025-04-10 20:31:01,239 - ShopeeCrawler - INFO - Đã khởi tạo proxy manager với API key
2025-04-10 20:31:01,240 - WorkerManager - INFO - Đang thu thập URL sản phẩm với API key: kozFG...znQ
2025-04-10 20:31:01,240 - ShopeeCrawler - INFO - Bắt đầu thu thập đường link sản phẩm từ trang chủ...
2025-04-10 20:31:01,397 - ProxyManager - ERROR - Lỗi khi lấy proxy: Con 49s moi co the doi proxy
2025-04-10 20:31:01,571 - ProxyManager - ERROR - Lỗi khi lấy proxy: Con 49s moi co the doi proxy
2025-04-10 20:31:01,573 - ShopeeCrawler - WARNING - Không thể lấy thông tin proxy, tiếp tục mà không có proxy
2025-04-10 20:31:01,574 - WDM - INFO - ====== WebDriver manager ======
2025-04-10 20:31:01,650 - WDM - INFO - Get LATEST chromedriver version for google-chrome
2025-04-10 20:31:01,883 - WDM - INFO - Get LATEST chromedriver version for google-chrome
2025-04-10 20:31:02,104 - WDM - INFO - Driver [/root/.wdm/drivers/chromedriver/linux64/135.0.7049.84/chromedriver-linux64/chromedriver] found in cache
2025-04-10 20:31:02,196 - ProxyManager - INFO - Đã dừng luồng tự động đổi proxy
2025-04-10 20:31:04,149 - ShopeeCrawler - INFO - Chạy ở chế độ multi worker
2025-04-10 20:31:04,150 - WorkerManager - INFO - 
===== BẮT ĐẦU CHU KỲ 1/10 =====
2025-04-10 20:31:04,151 - ProxyManager - INFO - Đang thực hiện đổi proxy tự động...
2025-04-10 20:31:04,151 - ProxyManager - INFO - Đã bắt đầu luồng tự động đổi proxy
2025-04-10 20:31:04,152 - ShopeeCrawler - INFO - Đã khởi tạo proxy manager với API key
2025-04-10 20:31:04,155 - WorkerManager - INFO - Đang thu thập URL sản phẩm với API key: kozFG...znQ
2025-04-10 20:31:04,155 - ShopeeCrawler - INFO - Bắt đầu thu thập đường link sản phẩm từ trang chủ...
2025-04-10 20:31:04,320 - ProxyManager - ERROR - Lỗi khi lấy proxy: Con 46s moi co the doi proxy
2025-04-10 20:31:04,498 - ProxyManager - ERROR - Lỗi khi lấy proxy: Con 46s moi co the doi proxy
2025-04-10 20:31:04,500 - ShopeeCrawler - WARNING - Không thể lấy thông tin proxy, tiếp tục mà không có proxy
2025-04-10 20:31:04,501 - WDM - INFO - ====== WebDriver manager ======
2025-04-10 20:31:04,571 - WDM - INFO - Get LATEST chromedriver version for google-chrome
2025-04-10 20:31:04,821 - WDM - INFO - Get LATEST chromedriver version for google-chrome
2025-04-10 20:31:05,054 - WDM - INFO - Driver [/root/.wdm/drivers/chromedriver/linux64/135.0.7049.84/chromedriver-linux64/chromedriver] found in cache
2025-04-10 20:31:05,148 - ProxyManager - INFO - Đã dừng luồng tự động đổi proxy
2025-04-10 20:31:08,783 - ShopeeCrawler - INFO - Chạy ở chế độ multi worker
2025-04-10 20:31:08,784 - WorkerManager - INFO - 
===== BẮT ĐẦU CHU KỲ 1/10 =====
2025-04-10 20:31:08,784 - ProxyManager - INFO - Đang thực hiện đổi proxy tự động...
2025-04-10 20:31:08,785 - ProxyManager - INFO - Đã bắt đầu luồng tự động đổi proxy
2025-04-10 20:31:08,786 - ShopeeCrawler - INFO - Đã khởi tạo proxy manager với API key
2025-04-10 20:31:08,789 - WorkerManager - INFO - Đang thu thập URL sản phẩm với API key: kozFG...znQ
2025-04-10 20:31:08,789 - ShopeeCrawler - INFO - Bắt đầu thu thập đường link sản phẩm từ trang chủ...
2025-04-10 20:31:08,969 - ProxyManager - ERROR - Lỗi khi lấy proxy: Con 41s moi co the doi proxy
2025-04-10 20:31:09,135 - ProxyManager - ERROR - Lỗi khi lấy proxy: Con 41s moi co the doi proxy
2025-04-10 20:31:09,136 - ShopeeCrawler - WARNING - Không thể lấy thông tin proxy, tiếp tục mà không có proxy
2025-04-10 20:31:09,136 - WDM - INFO - ====== WebDriver manager ======
2025-04-10 20:31:09,197 - WDM - INFO - Get LATEST chromedriver version for google-chrome
2025-04-10 20:31:09,419 - WDM - INFO - Get LATEST chromedriver version for google-chrome
2025-04-10 20:31:09,631 - WDM - INFO - Driver [/root/.wdm/drivers/chromedriver/linux64/135.0.7049.84/chromedriver-linux64/chromedriver] found in cache
2025-04-10 20:31:09,748 - ProxyManager - INFO - Đã dừng luồng tự động đổi proxy
2025-04-10 20:31:14,088 - ShopeeCrawler - INFO - Chạy ở chế độ multi worker
2025-04-10 20:31:14,089 - WorkerManager - INFO - 
===== BẮT ĐẦU CHU KỲ 1/10 =====
2025-04-10 20:31:14,090 - ProxyManager - INFO - Đang thực hiện đổi proxy tự động...
2025-04-10 20:31:14,090 - ProxyManager - INFO - Đã bắt đầu luồng tự động đổi proxy
2025-04-10 20:31:14,091 - ShopeeCrawler - INFO - Đã khởi tạo proxy manager với API key
2025-04-10 20:31:14,092 - WorkerManager - INFO - Đang thu thập URL sản phẩm với API key: kozFG...znQ
2025-04-10 20:31:14,093 - ShopeeCrawler - INFO - Bắt đầu thu thập đường link sản phẩm từ trang chủ...
2025-04-10 20:31:14,266 - ProxyManager - ERROR - Lỗi khi lấy proxy: Con 36s moi co the doi proxy
2025-04-10 20:31:14,439 - ProxyManager - ERROR - Lỗi khi lấy proxy: Con 36s moi co the doi proxy
2025-04-10 20:31:14,440 - ShopeeCrawler - WARNING - Không thể lấy thông tin proxy, tiếp tục mà không có proxy
2025-04-10 20:31:14,440 - WDM - INFO - ====== WebDriver manager ======
2025-04-10 20:31:14,520 - WDM - INFO - Get LATEST chromedriver version for google-chrome
2025-04-10 20:31:14,771 - WDM - INFO - Get LATEST chromedriver version for google-chrome
2025-04-10 20:31:14,994 - WDM - INFO - Driver [/root/.wdm/drivers/chromedriver/linux64/135.0.7049.84/chromedriver-linux64/chromedriver] found in cache
2025-04-10 20:31:15,095 - ProxyManager - INFO - Đã dừng luồng tự động đổi proxy
2025-04-10 20:31:23,184 - ShopeeCrawler - INFO - Chạy ở chế độ multi worker
2025-04-10 20:31:23,185 - WorkerManager - INFO - 
===== BẮT ĐẦU CHU KỲ 1/10 =====
2025-04-10 20:31:23,186 - ProxyManager - INFO - Đang thực hiện đổi proxy tự động...
2025-04-10 20:31:23,186 - ProxyManager - INFO - Đã bắt đầu luồng tự động đổi proxy
2025-04-10 20:31:23,187 - ShopeeCrawler - INFO - Đã khởi tạo proxy manager với API key
2025-04-10 20:31:23,188 - WorkerManager - INFO - Đang thu thập URL sản phẩm với API key: kozFG...znQ
2025-04-10 20:31:23,188 - ShopeeCrawler - INFO - Bắt đầu thu thập đường link sản phẩm từ trang chủ...
2025-04-10 20:31:23,351 - ProxyManager - ERROR - Lỗi khi lấy proxy: Con 27s moi co the doi proxy
2025-04-10 20:31:23,521 - ProxyManager - ERROR - Lỗi khi lấy proxy: Con 27s moi co the doi proxy
2025-04-10 20:31:23,522 - ShopeeCrawler - WARNING - Không thể lấy thông tin proxy, tiếp tục mà không có proxy
2025-04-10 20:31:23,522 - WDM - INFO - ====== WebDriver manager ======
2025-04-10 20:31:23,608 - WDM - INFO - Get LATEST chromedriver version for google-chrome
2025-04-10 20:31:23,847 - WDM - INFO - Get LATEST chromedriver version for google-chrome
2025-04-10 20:31:24,114 - WDM - INFO - Driver [/root/.wdm/drivers/chromedriver/linux64/135.0.7049.84/chromedriver-linux64/chromedriver] found in cache
2025-04-10 20:31:24,516 - ProxyManager - INFO - Đã dừng luồng tự động đổi proxy
2025-04-10 20:31:38,795 - ShopeeCrawler - INFO - Chạy ở chế độ multi worker
2025-04-10 20:31:38,796 - WorkerManager - INFO - 
===== BẮT ĐẦU CHU KỲ 1/10 =====
2025-04-10 20:31:38,798 - ProxyManager - INFO - Đang thực hiện đổi proxy tự động...
2025-04-10 20:31:38,800 - ProxyManager - INFO - Đã bắt đầu luồng tự động đổi proxy
2025-04-10 20:31:38,802 - ShopeeCrawler - INFO - Đã khởi tạo proxy manager với API key
2025-04-10 20:31:38,803 - WorkerManager - INFO - Đang thu thập URL sản phẩm với API key: kozFG...znQ
2025-04-10 20:31:38,805 - ShopeeCrawler - INFO - Bắt đầu thu thập đường link sản phẩm từ trang chủ...
2025-04-10 20:31:38,972 - ProxyManager - ERROR - Lỗi khi lấy proxy: Con 11s moi co the doi proxy
2025-04-10 20:31:39,149 - ProxyManager - ERROR - Lỗi khi lấy proxy: Con 11s moi co the doi proxy
2025-04-10 20:31:39,151 - ShopeeCrawler - WARNING - Không thể lấy thông tin proxy, tiếp tục mà không có proxy
2025-04-10 20:31:39,152 - WDM - INFO - ====== WebDriver manager ======
2025-04-10 20:31:39,309 - WDM - INFO - Get LATEST chromedriver version for google-chrome
2025-04-10 20:31:39,571 - WDM - INFO - Get LATEST chromedriver version for google-chrome
2025-04-10 20:31:39,819 - WDM - INFO - Driver [/root/.wdm/drivers/chromedriver/linux64/135.0.7049.84/chromedriver-linux64/chromedriver] found in cache
2025-04-10 20:31:39,928 - ProxyManager - INFO - Đã dừng luồng tự động đổi proxy
2025-04-10 20:32:07,319 - ShopeeCrawler - INFO - Chạy ở chế độ multi worker
2025-04-10 20:32:07,320 - WorkerManager - INFO - 
===== BẮT ĐẦU CHU KỲ 1/10 =====
2025-04-10 20:32:07,321 - ProxyManager - INFO - Đang thực hiện đổi proxy tự động...
2025-04-10 20:32:07,321 - ProxyManager - INFO - Đã bắt đầu luồng tự động đổi proxy
2025-04-10 20:32:07,322 - ShopeeCrawler - INFO - Đã khởi tạo proxy manager với API key
2025-04-10 20:32:07,323 - WorkerManager - INFO - Đang thu thập URL sản phẩm với API key: kozFG...znQ
2025-04-10 20:32:07,324 - ShopeeCrawler - INFO - Bắt đầu thu thập đường link sản phẩm từ trang chủ...
2025-04-10 20:32:07,504 - ProxyManager - INFO - Proxy mới nhận được: 115.76.181.72:29609:khljtiNj3Kd:fdkm3nbjg45d (hết hạn sau 1627s)
2025-04-10 20:32:07,506 - ShopeeCrawler - INFO - Đã cấu hình proxy: 115.76.181.72:29609
2025-04-10 20:32:07,507 - WDM - INFO - ====== WebDriver manager ======
2025-04-10 20:32:07,614 - WDM - INFO - Get LATEST chromedriver version for google-chrome
2025-04-10 20:32:07,848 - WDM - INFO - Get LATEST chromedriver version for google-chrome
2025-04-10 20:32:08,065 - WDM - INFO - Driver [/root/.wdm/drivers/chromedriver/linux64/135.0.7049.84/chromedriver-linux64/chromedriver] found in cache
2025-04-10 20:32:08,105 - ProxyManager - INFO - Đã dừng luồng tự động đổi proxy
2025-04-10 20:33:00,521 - ShopeeCrawler - INFO - Chạy ở chế độ multi worker
2025-04-10 20:33:00,522 - WorkerManager - INFO - 
===== BẮT ĐẦU CHU KỲ 1/10 =====
2025-04-10 20:33:00,522 - ProxyManager - INFO - Đang thực hiện đổi proxy tự động...
2025-04-10 20:33:00,523 - ProxyManager - INFO - Đã bắt đầu luồng tự động đổi proxy
2025-04-10 20:33:00,524 - ShopeeCrawler - INFO - Đã khởi tạo proxy manager với API key
2025-04-10 20:33:00,526 - WorkerManager - INFO - Đang thu thập URL sản phẩm với API key: kozFG...znQ
2025-04-10 20:33:00,527 - ShopeeCrawler - INFO - Bắt đầu thu thập đường link sản phẩm từ trang chủ...
2025-04-10 20:33:00,700 - ProxyManager - ERROR - Lỗi khi lấy proxy: Con 6s moi co the doi proxy
2025-04-10 20:33:00,870 - ProxyManager - ERROR - Lỗi khi lấy proxy: Con 5s moi co the doi proxy
2025-04-10 20:33:00,871 - ShopeeCrawler - WARNING - Không thể lấy thông tin proxy, tiếp tục mà không có proxy
2025-04-10 20:33:00,872 - WDM - INFO - ====== WebDriver manager ======
2025-04-10 20:33:00,955 - WDM - INFO - Get LATEST chromedriver version for google-chrome
2025-04-10 20:33:01,174 - WDM - INFO - Get LATEST chromedriver version for google-chrome
2025-04-10 20:33:01,414 - WDM - INFO - Driver [/root/.wdm/drivers/chromedriver/linux64/135.0.7049.84/chromedriver-linux64/chromedriver] found in cache
2025-04-10 20:33:01,508 - ProxyManager - INFO - Đã dừng luồng tự động đổi proxy
2025-04-10 20:34:02,617 - ShopeeCrawler - INFO - Chạy ở chế độ multi worker
2025-04-10 20:34:02,617 - WorkerManager - INFO - 
===== BẮT ĐẦU CHU KỲ 1/10 =====
2025-04-10 20:34:02,618 - ProxyManager - INFO - Đang thực hiện đổi proxy tự động...
2025-04-10 20:34:02,618 - ProxyManager - INFO - Đã bắt đầu luồng tự động đổi proxy
2025-04-10 20:34:02,619 - ShopeeCrawler - INFO - Đã khởi tạo proxy manager với API key
2025-04-10 20:34:02,620 - WorkerManager - INFO - Đang thu thập URL sản phẩm với API key: kozFG...znQ
2025-04-10 20:34:02,622 - ShopeeCrawler - INFO - Bắt đầu thu thập đường link sản phẩm từ trang chủ...
2025-04-10 20:34:02,816 - ProxyManager - INFO - Proxy mới nhận được: 116.106.232.67:28411:khljtiNj3Kd:fdkm3nbjg45d (hết hạn sau 1136s)
2025-04-10 20:34:02,829 - ShopeeCrawler - INFO - Đã cấu hình proxy: 116.106.232.67:28411
2025-04-10 20:34:02,830 - WDM - INFO - ====== WebDriver manager ======
2025-04-10 20:34:02,922 - WDM - INFO - Get LATEST chromedriver version for google-chrome
2025-04-10 20:34:03,139 - WDM - INFO - Get LATEST chromedriver version for google-chrome
2025-04-10 20:34:03,353 - WDM - INFO - Driver [/root/.wdm/drivers/chromedriver/linux64/135.0.7049.84/chromedriver-linux64/chromedriver] found in cache
2025-04-10 20:34:03,387 - ProxyManager - INFO - Đã dừng luồng tự động đổi proxy
